<?xml version="1.0" encoding="UTF-8"?>
<testsuite xmlns:xsi="http://www.w3.org/2001/XMLSchema-instance" xsi:noNamespaceSchemaLocation="https://maven.apache.org/surefire/maven-surefire-plugin/xsd/surefire-test-report-3.0.xsd" version="3.0" name="TestSuite" time="98.436" tests="4" errors="0" skipped="0" failures="1">
  <properties>
[...]
</properties>
  <testcase name="MainLoginpage" classname="flipkartMyProfile_TestCases.TC_flipkartMyProfile001" time="4.338">
    <system-out><![CDATA[ INFO [main] (BaseClass.java:32)- url is entered
 INFO [main] (TC_flipkartMyProfile001.java:18)- email is entered
 INFO [main] (TC_flipkartMyProfile001.java:20)- password is entered
 INFO [main] (TC_flipkartMyProfile001.java:22)- login is successfully
Online Shopping Site for Mobiles, Electronics, Furniture, Grocery, Lifestyle, Books & More. Best Offers!
 INFO [main] (TC_flipkartMyProfile001.java:31)- title is matched
 INFO [main] (TC_flipkartMyProfile001.java:41)- logout is successful in 1st test case
]]></system-out>
    <system-err><![CDATA[SLF4J: Failed to load class "org.slf4j.impl.StaticLoggerBinder".
SLF4J: Defaulting to no-operation (NOP) logger implementation
SLF4J: See http://www.slf4j.org/codes.html#StaticLoggerBinder for further details.
Starting ChromeDriver 91.0.4472.101 (af52a90bf87030dd1523486a1cd3ae25c5d76c9b-refs/branch-heads/4472@{#1462}) on port 44720
Only local connections are allowed.
Please see https://chromedriver.chromium.org/security-considerations for suggestions on keeping ChromeDriver safe.
ChromeDriver was started successfully.
Jul 13, 2021 1:13:08 PM org.openqa.selenium.remote.ProtocolHandshake createSession
INFO: Detected dialect: W3C
]]></system-err>
  </testcase>
  <testcase name="profileinfo" classname="flipkartMyProfile_TestCases.TC_flipkartMyProfile002" time="8.246">
    <system-out><![CDATA[ INFO [main] (TC_flipkartMyProfile002.java:16)- email is entered
 INFO [main] (TC_flipkartMyProfile002.java:18)- password is entered
 INFO [main] (TC_flipkartMyProfile002.java:20)- login is successfully
 INFO [main] (TC_flipkartMyProfile002.java:26)- my account is clicked
 INFO [main] (TC_flipkartMyProfile002.java:29)- myprofile is clicked
 INFO [main] (TC_flipkartMyProfile002.java:31)- name is cleared
 INFO [main] (TC_flipkartMyProfile002.java:33)- personal edit button
 INFO [main] (TC_flipkartMyProfile002.java:35)- personal first name enter
 INFO [main] (TC_flipkartMyProfile002.java:36)- last name is clear
 INFO [main] (TC_flipkartMyProfile002.java:39)- personal last name is entered
 INFO [main] (TC_flipkartMyProfile002.java:41)- gender is selected
 INFO [main] (TC_flipkartMyProfile002.java:43)- saved details
 INFO [main] (TC_flipkartMyProfile002.java:46)- Email is edited
 INFO [main] (TC_flipkartMyProfile002.java:48)- email is entered
 INFO [main] (TC_flipkartMyProfile002.java:50)- email is saved
 INFO [main] (TC_flipkartMyProfile002.java:54)- logout is successfull for 2nd testcases
]]></system-out>
  </testcase>
  <testcase name="myprofileadress" classname="flipkartMyProfile_TestCases.TC_flipkartMyProfile003" time="21.087">
    <system-out><![CDATA[ INFO [main] (TC_flipkartMyProfile003.java:17)- email is entered
 INFO [main] (TC_flipkartMyProfile003.java:18)- password is entered
 INFO [main] (TC_flipkartMyProfile003.java:19)- login is successfully
 INFO [main] (TC_flipkartMyProfile003.java:22)- my account is clicked
 INFO [main] (TC_flipkartMyProfile003.java:24)- myprofile is clicked
 INFO [main] (TC_flipkartMyProfile003.java:25)- my address link is clicked
 INFO [main] (TC_flipkartMyProfile003.java:27)- Add Address button is clicked
 INFO [main] (TC_flipkartMyProfile003.java:28)- name is added to address box
 INFO [main] (TC_flipkartMyProfile003.java:29)- New Phone nummber added
 INFO [main] (TC_flipkartMyProfile003.java:30)- Pincode is added
 INFO [main] (TC_flipkartMyProfile003.java:31)- locality is added
 INFO [main] (TC_flipkartMyProfile003.java:33)- address is added
 INFO [main] (TC_flipkartMyProfile003.java:35)- cityName is added
 INFO [main] (TC_flipkartMyProfile003.java:36)- stateName is searched
 INFO [main] (TC_flipkartMyProfile003.java:37)- stateName is selected
 INFO [main] (TC_flipkartMyProfile003.java:38)- landmark is added
 INFO [main] (TC_flipkartMyProfile003.java:39)- AlternatePhone number is added
 INFO [main] (TC_flipkartMyProfile003.java:40)- type of address is selected home
 INFO [main] (TC_flipkartMyProfile003.java:41)- cancel all detailes
 INFO [main] (TC_flipkartMyProfile003.java:44)- logout is successful for 3rd testcase
]]></system-out>
  </testcase>
  <testcase name="Addtocart" classname="flipkartMyProfile_TestCases.TC_flipkartMyProfile004" time="48.075">
    <failure message="no such element: Unable to locate element: {&quot;method&quot;:&quot;xpath&quot;,&quot;selector&quot;:&quot;//input[@name=&apos;name&apos;]&quot;}&#10;  (Session info: chrome=91.0.4472.124)&#10;For documentation on this error, please visit: https://selenium.dev/exceptions/#no_such_element&#10;Build info: version: &apos;4.0.0-alpha-6&apos;, revision: &apos;5f43a29cfc&apos;&#10;System info: host: &apos;GANESHBABU&apos;, ip: &apos;192.168.43.49&apos;, os.name: &apos;Windows 10&apos;, os.arch: &apos;amd64&apos;, os.version: &apos;10.0&apos;, java.version: &apos;11.0.11&apos;&#10;Driver info: org.openqa.selenium.chrome.ChromeDriver&#10;Capabilities {acceptInsecureCerts: false, browserName: chrome, browserVersion: 91.0.4472.124, chrome: {chromedriverVersion: 91.0.4472.101 (af52a90bf870..., userDataDir: C:\Users\Dell\AppData\Local...}, goog:chromeOptions: {debuggerAddress: localhost:56059}, javascriptEnabled: true, networkConnectionEnabled: false, pageLoadStrategy: normal, platform: WINDOWS, platformName: WINDOWS, proxy: Proxy(), setWindowRect: true, strictFileInteractability: false, timeouts: {implicit: 0, pageLoad: 300000, script: 30000}, unhandledPromptBehavior: dismiss and notify, webauthn:extension:largeBlob: true, webauthn:virtualAuthenticators: true}&#10;Session ID: dd2ceda3aeab25b07092225acc9e90ca&#10;*** Element info: {Using=xpath, value=//input[@name=&apos;name&apos;]}" type="org.openqa.selenium.NoSuchElementException"><![CDATA[org.openqa.selenium.NoSuchElementException: 
no such element: Unable to locate element: {"method":"xpath","selector":"//input[@name='name']"}
  (Session info: chrome=91.0.4472.124)
For documentation on this error, please visit: https://selenium.dev/exceptions/#no_such_element
Build info: version: '4.0.0-alpha-6', revision: '5f43a29cfc'
System info: host: 'GANESHBABU', ip: '192.168.43.49', os.name: 'Windows 10', os.arch: 'amd64', os.version: '10.0', java.version: '11.0.11'
Driver info: org.openqa.selenium.chrome.ChromeDriver
Capabilities {acceptInsecureCerts: false, browserName: chrome, browserVersion: 91.0.4472.124, chrome: {chromedriverVersion: 91.0.4472.101 (af52a90bf870..., userDataDir: C:\Users\Dell\AppData\Local...}, goog:chromeOptions: {debuggerAddress: localhost:56059}, javascriptEnabled: true, networkConnectionEnabled: false, pageLoadStrategy: normal, platform: WINDOWS, platformName: WINDOWS, proxy: Proxy(), setWindowRect: true, strictFileInteractability: false, timeouts: {implicit: 0, pageLoad: 300000, script: 30000}, unhandledPromptBehavior: dismiss and notify, webauthn:extension:largeBlob: true, webauthn:virtualAuthenticators: true}
Session ID: dd2ceda3aeab25b07092225acc9e90ca
*** Element info: {Using=xpath, value=//input[@name='name']}
	at flipkartMyProfile_TestCases.TC_flipkartMyProfile004.Addtocart(TC_flipkartMyProfile004.java:60)
]]></failure>
    <system-out><![CDATA[ INFO [main] (TC_flipkartMyProfile004.java:21)- email is entered
 INFO [main] (TC_flipkartMyProfile004.java:22)- password is entered
 INFO [main] (TC_flipkartMyProfile004.java:23)- login is successfully
 INFO [main] (TC_flipkartMyProfile004.java:24)- Search for product entered
 INFO [main] (TC_flipkartMyProfile004.java:28)- minPriceButtonclick clicked
 INFO [main] (TC_flipkartMyProfile004.java:29)- minamountclicked clicked
 INFO [main] (TC_flipkartMyProfile004.java:31)- maxmButtonclicked clicked
 INFO [main] (TC_flipkartMyProfile004.java:32)- maxmAmountclicked clicked
 INFO [main] (TC_flipkartMyProfile004.java:34)- RAMclicked clicked
 INFO [main] (TC_flipkartMyProfile004.java:35)- 28+more
 INFO [main] (TC_flipkartMyProfile004.java:37)- mobilephnoeclicked clicked
 INFO [main] (TC_flipkartMyProfile004.java:39)- Ratingclicked clicked
 INFO [main] (TC_flipkartMyProfile004.java:41)- internalStoragebutton clicked
 INFO [main] (TC_flipkartMyProfile004.java:42)- internalStorageclicked clicked
 INFO [main] (TC_flipkartMyProfile004.java:44)- Batterybuttonclicked clicked
 INFO [main] (TC_flipkartMyProfile004.java:45)- Batterycapicityclicked clicked
 INFO [main] (TC_flipkartMyProfile004.java:47)- operationsystemclicked clicked
 INFO [main] (TC_flipkartMyProfile004.java:48)- Androidclicked clicked
 INFO [main] (TC_flipkartMyProfile004.java:50)- VivoPhoneClicked clicked
 INFO [main] (TC_flipkartMyProfile004.java:58)- AddToCartbuttonclicked clicked
 INFO [main] (TC_flipkartMyProfile004.java:59)- placeanOrder clicked
]]></system-out>
  </testcase>
</testsuite>