<?xml version="1.0" encoding="UTF-8"?>
<testng-results ignored="0" total="1" passed="1" failed="0" skipped="0">
  <reporter-output>
  </reporter-output>
  <suite started-at="2021-07-13T12:51:16 IST" name="Default suite" finished-at="2021-07-13T12:52:17 IST" duration-ms="60824">
    <groups>
    </groups>
    <test started-at="2021-07-13T12:51:16 IST" name="Default test" finished-at="2021-07-13T12:52:17 IST" duration-ms="60824">
      <class name="flipkartMyProfile_TestCases.TC_flipkartMyProfile004">
        <test-method is-config="true" signature="Setup()[pri:0, instance:flipkartMyProfile_TestCases.TC_flipkartMyProfile004@25ce9dc4]" started-at="2021-07-13T12:51:16 IST" name="Setup" finished-at="2021-07-13T12:51:29 IST" duration-ms="12652" status="PASS">
          <reporter-output>
          </reporter-output>
        </test-method> <!-- Setup -->
        <test-method signature="Addtocart()[pri:0, instance:flipkartMyProfile_TestCases.TC_flipkartMyProfile004@25ce9dc4]" started-at="2021-07-13T12:51:29 IST" name="Addtocart" finished-at="2021-07-13T12:52:16 IST" duration-ms="47477" status="PASS">
          <reporter-output>
          </reporter-output>
        </test-method> <!-- Addtocart -->
        <test-method is-config="true" signature="Teardrop()[pri:0, instance:flipkartMyProfile_TestCases.TC_flipkartMyProfile004@25ce9dc4]" started-at="2021-07-13T12:52:16 IST" name="Teardrop" finished-at="2021-07-13T12:52:17 IST" duration-ms="582" status="PASS">
          <reporter-output>
          </reporter-output>
        </test-method> <!-- Teardrop -->
      </class> <!-- flipkartMyProfile_TestCases.TC_flipkartMyProfile004 -->
    </test> <!-- Default test -->
  </suite> <!-- Default suite -->
</testng-results>
